[0.000][INFO]:      ChromeDriver 23.0.1240.0 /Users/sgolasch/Downloads/chromedriver
[0.456][FINE]:      Initializing session with capabilities {
   "browserName": "chrome",
   "javascriptEnabled": true,
   "platform": "ANY",
   "seleniumProtocol": "WebDriver",
   "version": ""
}

[0.456][INFO]:      Launching chrome: /Applications/Google Chrome.app/Contents/MacOS/Google Chrome --enable-logging --log-level=1 --disable-hang-monitor --disable-prompt-on-repost --dom-automation --full-memory-crash-report --no-default-browser-check --no-first-run --disable-background-networking --disable-sync --disable-translate --disable-web-resources --safebrowsing-disable-auto-update --safebrowsing-disable-download-protection --disable-client-side-phishing-detection --disable-component-update --disable-default-apps --use-mock-keychain --ignore-certificate-errors about:blank
[1.600][INFO]:      Connected to Chrome successfully. Version: 24.0.1312.56
[1.625][FINE]:      Command received (/session/c7fa23a8b1efe6e4ef588a42d45acfee)
[1.626][FINE]:      Command finished (/session/c7fa23a8b1efe6e4ef588a42d45acfee) with response {
   "sessionId": "c7fa23a8b1efe6e4ef588a42d45acfee",
   "status": 0,
   "value": {
      "acceptSslCerts": false,
      "applicationCacheEnabled": false,
      "browserConnectionEnabled": false,
      "browserName": "chrome",
      "chrome.chromedriverVersion": "23.0.1240.0",
      "chrome.nativeEvents": false,
      "cssSelectorsEnabled": true,
      "databaseEnabled": false,
      "handlesAlerts": true,
      "javascriptEnabled": true,
      "locationContextEnabled": false,
      "nativeEvents": true,
      "platform": "mac",
      "rotatable": false,
      "takesScreenshot": true,
      "version": "24.0.1312.56",
      "webStorageEnabled": true
   }
}

[1.640][FINE]:      Command received (/session/c7fa23a8b1efe6e4ef588a42d45acfee/url) with params {
   "url": "http://denkwerk.com"
}

[1.641][FINER]:     Waiting for all views to stop loading...
[1.641][FINER]:     Done waiting for all views to stop loading
[3.578][FINER]:     Waiting for all views to stop loading...
[3.600][FINER]:     Done waiting for all views to stop loading
[3.600][FINE]:      Command finished (/session/c7fa23a8b1efe6e4ef588a42d45acfee/url) with response {
   "sessionId": "c7fa23a8b1efe6e4ef588a42d45acfee",
   "status": 0,
   "value": {

   }
}

[3.607][FINE]:      Command received (/session/c7fa23a8b1efe6e4ef588a42d45acfee/title)
[3.607][FINER]:     Waiting for all views to stop loading...
[3.611][FINER]:     Done waiting for all views to stop loading
[3.671][FINER]:     Waiting for all views to stop loading...
[3.671][FINER]:     Done waiting for all views to stop loading
[3.671][FINE]:      Command finished (/session/c7fa23a8b1efe6e4ef588a42d45acfee/title) with response {
   "sessionId": "c7fa23a8b1efe6e4ef588a42d45acfee",
   "status": 0,
   "value": "denkwerk GmbH"
}

[3.678][FINE]:      Command received (/session/c7fa23a8b1efe6e4ef588a42d45acfee/url)
[3.678][FINER]:     Waiting for all views to stop loading...
[3.678][FINER]:     Done waiting for all views to stop loading
[3.681][FINER]:     Waiting for all views to stop loading...
[3.681][FINER]:     Done waiting for all views to stop loading
[3.681][FINE]:      Command finished (/session/c7fa23a8b1efe6e4ef588a42d45acfee/url) with response {
   "sessionId": "c7fa23a8b1efe6e4ef588a42d45acfee",
   "status": 0,
   "value": "http://www.denkwerk.com/"
}

[3.686][FINE]:      Command received (/session/c7fa23a8b1efe6e4ef588a42d45acfee/element) with params {
   "using": "css selector",
   "value": "#menu-item-3133 a"
}

[3.686][FINER]:     Waiting for all views to stop loading...
[3.687][FINER]:     Done waiting for all views to stop loading
[3.696][FINER]:     Waiting for all views to stop loading...
[3.696][FINER]:     Done waiting for all views to stop loading
[3.696][FINE]:      Command finished (/session/c7fa23a8b1efe6e4ef588a42d45acfee/element) with response {
   "sessionId": "c7fa23a8b1efe6e4ef588a42d45acfee",
   "status": 0,
   "value": {
      "ELEMENT": ":wdc:1359454696871"
   }
}

[3.701][FINE]:      Command received (/session/c7fa23a8b1efe6e4ef588a42d45acfee/element) with params {
   "using": "css selector",
   "value": "#menu-item-3133 a"
}

[3.701][FINER]:     Waiting for all views to stop loading...
[3.701][FINER]:     Done waiting for all views to stop loading
[3.704][FINER]:     Waiting for all views to stop loading...
[3.704][FINER]:     Done waiting for all views to stop loading
[3.704][FINE]:      Command finished (/session/c7fa23a8b1efe6e4ef588a42d45acfee/element) with response {
   "sessionId": "c7fa23a8b1efe6e4ef588a42d45acfee",
   "status": 0,
   "value": {
      "ELEMENT": ":wdc:1359454696871"
   }
}

[3.710][FINE]:      Command received (/session/c7fa23a8b1efe6e4ef588a42d45acfee/element/:wdc:1359454696871/displayed)
[3.710][FINER]:     Waiting for all views to stop loading...
[3.710][FINER]:     Done waiting for all views to stop loading
[3.719][FINER]:     Waiting for all views to stop loading...
[3.720][FINER]:     Done waiting for all views to stop loading
[3.720][FINE]:      Command finished (/session/c7fa23a8b1efe6e4ef588a42d45acfee/element/:wdc:1359454696871/displayed) with response {
   "sessionId": "c7fa23a8b1efe6e4ef588a42d45acfee",
   "status": 0,
   "value": true
}

[3.728][FINE]:      Command received (/session/c7fa23a8b1efe6e4ef588a42d45acfee/element) with params {
   "using": "css selector",
   "value": "#menu-item-3133 a"
}

[3.728][FINER]:     Waiting for all views to stop loading...
[3.728][FINER]:     Done waiting for all views to stop loading
[3.730][FINER]:     Waiting for all views to stop loading...
[3.730][FINER]:     Done waiting for all views to stop loading
[3.730][FINE]:      Command finished (/session/c7fa23a8b1efe6e4ef588a42d45acfee/element) with response {
   "sessionId": "c7fa23a8b1efe6e4ef588a42d45acfee",
   "status": 0,
   "value": {
      "ELEMENT": ":wdc:1359454696871"
   }
}

[3.737][FINE]:      Command received (/session/c7fa23a8b1efe6e4ef588a42d45acfee/element) with params {
   "using": "css selector",
   "value": "#menu-item-3133 a"
}

[3.737][FINER]:     Waiting for all views to stop loading...
[3.737][FINER]:     Done waiting for all views to stop loading
[3.739][FINER]:     Waiting for all views to stop loading...
[3.740][FINER]:     Done waiting for all views to stop loading
[3.740][FINE]:      Command finished (/session/c7fa23a8b1efe6e4ef588a42d45acfee/element) with response {
   "sessionId": "c7fa23a8b1efe6e4ef588a42d45acfee",
   "status": 0,
   "value": {
      "ELEMENT": ":wdc:1359454696871"
   }
}

[3.746][FINE]:      Command received (/session/c7fa23a8b1efe6e4ef588a42d45acfee/element/:wdc:1359454696871/text)
[3.746][FINER]:     Waiting for all views to stop loading...
[3.746][FINER]:     Done waiting for all views to stop loading
[3.767][FINER]:     Waiting for all views to stop loading...
[3.767][FINER]:     Done waiting for all views to stop loading
[3.767][FINE]:      Command finished (/session/c7fa23a8b1efe6e4ef588a42d45acfee/element/:wdc:1359454696871/text) with response {
   "sessionId": "c7fa23a8b1efe6e4ef588a42d45acfee",
   "status": 0,
   "value": "BLOG"
}

[3.772][FINE]:      Command received (/session/c7fa23a8b1efe6e4ef588a42d45acfee/element) with params {
   "using": "css selector",
   "value": ".replaced.top"
}

[3.772][FINER]:     Waiting for all views to stop loading...
[3.772][FINER]:     Done waiting for all views to stop loading
[3.782][FINER]:     Waiting for all views to stop loading...
[3.782][FINER]:     Done waiting for all views to stop loading
[3.782][FINE]:      Command finished (/session/c7fa23a8b1efe6e4ef588a42d45acfee/element) with response {
   "sessionId": "c7fa23a8b1efe6e4ef588a42d45acfee",
   "status": 0,
   "value": {
      "ELEMENT": ":wdc:1359454696872"
   }
}

[3.787][FINE]:      Command received (/session/c7fa23a8b1efe6e4ef588a42d45acfee/url)
[3.787][FINER]:     Waiting for all views to stop loading...
[3.787][FINER]:     Done waiting for all views to stop loading
[3.788][FINER]:     Waiting for all views to stop loading...
[3.788][FINER]:     Done waiting for all views to stop loading
[3.788][FINE]:      Command finished (/session/c7fa23a8b1efe6e4ef588a42d45acfee/url) with response {
   "sessionId": "c7fa23a8b1efe6e4ef588a42d45acfee",
   "status": 0,
   "value": "http://www.denkwerk.com/"
}

[3.793][FINE]:      Command received (/session/c7fa23a8b1efe6e4ef588a42d45acfee/element) with params {
   "using": "css selector",
   "value": ".replaced.top"
}

[3.793][FINER]:     Waiting for all views to stop loading...
[3.793][FINER]:     Done waiting for all views to stop loading
[3.796][FINER]:     Waiting for all views to stop loading...
[3.796][FINER]:     Done waiting for all views to stop loading
[3.796][FINE]:      Command finished (/session/c7fa23a8b1efe6e4ef588a42d45acfee/element) with response {
   "sessionId": "c7fa23a8b1efe6e4ef588a42d45acfee",
   "status": 0,
   "value": {
      "ELEMENT": ":wdc:1359454696872"
   }
}

[3.803][FINE]:      Command received (/session/c7fa23a8b1efe6e4ef588a42d45acfee/element/:wdc:1359454696872/attribute/href)
[3.803][FINER]:     Waiting for all views to stop loading...
[3.803][FINER]:     Done waiting for all views to stop loading
[3.822][FINER]:     Waiting for all views to stop loading...
[3.822][FINER]:     Done waiting for all views to stop loading
[3.822][FINE]:      Command finished (/session/c7fa23a8b1efe6e4ef588a42d45acfee/element/:wdc:1359454696872/attribute/href) with response {
   "sessionId": "c7fa23a8b1efe6e4ef588a42d45acfee",
   "status": 0,
   "value": "http://www.denkwerk.com/#top"
}

[3.828][FINE]:      Command received (/session/c7fa23a8b1efe6e4ef588a42d45acfee/element) with params {
   "using": "css selector",
   "value": ".replaced.top"
}

[3.828][FINER]:     Waiting for all views to stop loading...
[3.829][FINER]:     Done waiting for all views to stop loading
[3.831][FINER]:     Waiting for all views to stop loading...
[3.831][FINER]:     Done waiting for all views to stop loading
[3.831][FINE]:      Command finished (/session/c7fa23a8b1efe6e4ef588a42d45acfee/element) with response {
   "sessionId": "c7fa23a8b1efe6e4ef588a42d45acfee",
   "status": 0,
   "value": {
      "ELEMENT": ":wdc:1359454696872"
   }
}

[3.839][FINE]:      Command received (/session/c7fa23a8b1efe6e4ef588a42d45acfee/element) with params {
   "using": "css selector",
   "value": ".replaced.top"
}

[3.839][FINER]:     Waiting for all views to stop loading...
[3.839][FINER]:     Done waiting for all views to stop loading
[3.841][FINER]:     Waiting for all views to stop loading...
[3.841][FINER]:     Done waiting for all views to stop loading
[3.842][FINE]:      Command finished (/session/c7fa23a8b1efe6e4ef588a42d45acfee/element) with response {
   "sessionId": "c7fa23a8b1efe6e4ef588a42d45acfee",
   "status": 0,
   "value": {
      "ELEMENT": ":wdc:1359454696872"
   }
}

[3.847][FINE]:      Command received (/session/c7fa23a8b1efe6e4ef588a42d45acfee/element/:wdc:1359454696872/text)
[3.847][FINER]:     Waiting for all views to stop loading...
[3.847][FINER]:     Done waiting for all views to stop loading
[3.867][FINER]:     Waiting for all views to stop loading...
[3.867][FINER]:     Done waiting for all views to stop loading
[3.867][FINE]:      Command finished (/session/c7fa23a8b1efe6e4ef588a42d45acfee/element/:wdc:1359454696872/text) with response {
   "sessionId": "c7fa23a8b1efe6e4ef588a42d45acfee",
   "status": 0,
   "value": "nach oben"
}

[3.872][FINE]:      Command received (/session/c7fa23a8b1efe6e4ef588a42d45acfee/element) with params {
   "using": "css selector",
   "value": "#menu-item-3133 a"
}

[3.872][FINER]:     Waiting for all views to stop loading...
[3.872][FINER]:     Done waiting for all views to stop loading
[3.875][FINER]:     Waiting for all views to stop loading...
[3.875][FINER]:     Done waiting for all views to stop loading
[3.875][FINE]:      Command finished (/session/c7fa23a8b1efe6e4ef588a42d45acfee/element) with response {
   "sessionId": "c7fa23a8b1efe6e4ef588a42d45acfee",
   "status": 0,
   "value": {
      "ELEMENT": ":wdc:1359454696871"
   }
}

[3.882][FINE]:      Command received (/session/c7fa23a8b1efe6e4ef588a42d45acfee/element/:wdc:1359454696871/click) with params {
   "id": ":wdc:1359454696871"
}

[3.882][FINER]:     Waiting for all views to stop loading...
[3.882][FINER]:     Done waiting for all views to stop loading
[3.935][FINER]:     Waiting for all views to stop loading...
[4.463][FINER]:     Done waiting for all views to stop loading
[4.463][FINE]:      Command finished (/session/c7fa23a8b1efe6e4ef588a42d45acfee/element/:wdc:1359454696871/click) with response {
   "sessionId": "c7fa23a8b1efe6e4ef588a42d45acfee",
   "status": 0,
   "value": {

   }
}

[4.472][FINE]:      Command received (/session/c7fa23a8b1efe6e4ef588a42d45acfee/url)
[4.472][FINER]:     Waiting for all views to stop loading...
[4.494][FINER]:     Done waiting for all views to stop loading
[4.496][FINER]:     Waiting for all views to stop loading...
[4.497][FINER]:     Done waiting for all views to stop loading
[4.497][FINE]:      Command finished (/session/c7fa23a8b1efe6e4ef588a42d45acfee/url) with response {
   "sessionId": "c7fa23a8b1efe6e4ef588a42d45acfee",
   "status": 0,
   "value": "http://www.denkwerk.com/category/de/allgemein/"
}

[4.504][FINE]:      Command received (/session/c7fa23a8b1efe6e4ef588a42d45acfee)
[5.037][INFO]:      Chrome shutdown
